1632257491021	geckodriver	INFO	Listening on 127.0.0.1:56902
1632257491031	mozrunner::runner	INFO	Running command: "/Applications/Firefox.app/Contents/MacOS/firefox-bin" "--marionette" "-foreground" "-no-remote" "-profile" "/var/folders/b1/gm8t7wj15990950fc85ylrnh0000gn/T/rust_mozprofileaCsZvd"
1632257491465	Marionette	INFO	Marionette enabled
2021-09-21 16:51:32.170 firefox-bin[31062:588331] Warning: Expected min height of view: (<NSButton: 0x131ec2400>) to be less than or equal to 30 but got a height of 32.000000. This error will be logged once per view in violation.
2021-09-21 16:51:32.170 firefox-bin[31062:588331] Warning: Expected min height of view: (<NSButton: 0x131ec9400>) to be less than or equal to 30 but got a height of 32.000000. This error will be logged once per view in violation.
2021-09-21 16:51:32.171 firefox-bin[31062:588331] Warning: Expected min height of view: (<NSButton: 0x131ec9800>) to be less than or equal to 30 but got a height of 32.000000. This error will be logged once per view in violation.
2021-09-21 16:51:32.172 firefox-bin[31062:588331] Warning: Expected min height of view: (<NSButton: 0x131ec7000>) to be less than or equal to 30 but got a height of 32.000000. This error will be logged once per view in violation.
2021-09-21 16:51:32.172 firefox-bin[31062:588331] Warning: Expected min height of view: (<NSButton: 0x131ec8800>) to be less than or equal to 30 but got a height of 32.000000. This error will be logged once per view in violation.
2021-09-21 16:51:32.173 firefox-bin[31062:588331] Warning: Expected min height of view: (<NSPopoverTouchBarItemButton: 0x131ecb400>) to be less than or equal to 30 but got a height of 32.000000. This error will be logged once per view in violation.
2021-09-21 16:51:32.173 firefox-bin[31062:588331] Warning: Expected min height of view: (<NSPopoverTouchBarItemButton: 0x1321dd000>) to be less than or equal to 30 but got a height of 32.000000. This error will be logged once per view in violation.
console.warn: SearchSettings: "get: No settings file exists, new profile?" (new NotFoundError("Could not open the file at /var/folders/b1/gm8t7wj15990950fc85ylrnh0000gn/T/rust_mozprofileaCsZvd/search.json.mozlz4", (void 0)))
console.error: BackgroundUpdate: 
  _reasonsToNotScheduleUpdates: Failed to check for Maintenance Service Registry Key: [Exception... "Component returned failure code: 0x80004001 (NS_ERROR_NOT_IMPLEMENTED) [nsIUpdateProcessor.getServiceRegKeyExists]"  nsresult: "0x80004001 (NS_ERROR_NOT_IMPLEMENTED)"  location: "JS frame :: resource://gre/modules/BackgroundUpdate.jsm :: _reasonsToNotScheduleUpdates :: line 243"  data: no]
1632257493366	Marionette	INFO	Listening on port 56907
1632257493402	RemoteAgent	WARN	TLS certificate errors will be ignored for this session
JavaScript error: https://ancient-plains-41902.herokuapp.com/dist/build.js, line 1: SyntaxError: expected expression, got '<'
JavaScript error: https://ancient-plains-41902.herokuapp.com/dist/build.js, line 1: SyntaxError: expected expression, got '<'
[ERROR osclientcerts_static] ThreadId(10) C_FindObjectsInit: CKR_ARGUMENTS_BAD: ExternalError at security/manager/ssl/osclientcerts/src/backend_macos.rs:921 (-25300)
console.log: WebExtensions: reset-default-search: starting.
console.log: WebExtensions: reset-default-search: No addons in our list are installed.
